Arguments: 
  C:\Program Files\nodejs\node.exe C:\Users\nguye\AppData\Roaming\npm\node_modules\yarn\bin\yarn.js

PATH: 
  C:\Users\nguye\bin;C:\Program Files\Git\mingw64\bin;C:\Program Files\Git\usr\local\bin;C:\Program Files\Git\usr\bin;C:\Program Files\Git\usr\bin;C:\Program Files\Git\mingw64\bin;C:\Program Files\Git\usr\bin;C:\Users\nguye\bin;C:\Python310\Scripts;C:\Python310;C:\Windows\system32;C:\Windows;C:\Windows\System32\Wbem;C:\Windows\System32\WindowsPowerShell\v1.0;C:\Windows\System32\OpenSSH;C:\ProgramData\chocolatey\bin;C:\Program Files\Git\cmd;C:\Users\nguye\AppData\Roaming\nvm;C:\Program Files\nodejs;C:\Users\nguye\AppData\Local\Microsoft\WindowsApps;C:\Users\nguye\AppData\Roaming\npm;C:\Users\nguye\AppData\Local\Programs\Microsoft VS Code\bin;C:\Program Files\heroku\bin;C:\Users\nguye\AppData\Roaming\nvm;C:\Program Files\nodejs;C:\Program Files\Git\usr\bin\vendor_perl;C:\Program Files\Git\usr\bin\core_perl

Yarn version: 
  1.22.17

Node version: 
  16.13.0

Platform: 
  win32 x64

Trace: 
  SyntaxError: C:\Users\nguye\OneDrive\Máy tính\detectComment\package.json: Unexpected token } in JSON at position 287
      at JSON.parse (<anonymous>)
      at C:\Users\nguye\AppData\Roaming\npm\node_modules\yarn\lib\cli.js:1625:59
      at Generator.next (<anonymous>)
      at step (C:\Users\nguye\AppData\Roaming\npm\node_modules\yarn\lib\cli.js:310:30)
      at C:\Users\nguye\AppData\Roaming\npm\node_modules\yarn\lib\cli.js:321:13

npm manifest: 
  {
    "name": "detectcomment",
    "version": "1.0.0",
    "description": "",
    "main": "index.js",
    "scripts": {
      "test": "echo \"Error: no test specified\" && exit 1"
    },
    "author": "",
    "license": "ISC",
    "dependencies": {
      "bootstrap": "^5.1.3",
      "node": "^8.10.0",
      ""
    }
  }

yarn manifest: 
  No manifest

Lockfile: 
  # THIS IS AN AUTOGENERATED FILE. DO NOT EDIT THIS FILE DIRECTLY.
  # yarn lockfile v1
  
  
  bootstrap@^5.1.3:
    version "5.1.3"
    resolved "https://registry.yarnpkg.com/bootstrap/-/bootstrap-5.1.3.tgz#ba081b0c130f810fa70900acbc1c6d3c28fa8f34"
    integrity sha512-fcQztozJ8jToQWXxVuEyXWW+dSo8AiXWKwiSSrKWsRB/Qt+Ewwza+JWoLKiTuQLaEPhdNAJ7+Dosc9DOIqNy7Q==
  
  node-bin-setup@^1.0.0:
    version "1.1.0"
    resolved "https://registry.yarnpkg.com/node-bin-setup/-/node-bin-setup-1.1.0.tgz#9df94c41335a8f41958a639b2736f860582a209c"
    integrity sha512-pTeU6NgUrexiLNtd+AKwvg6cngHMvj5FZ5e2bbv2ogBSIc9yhkXSSaTScfSRZnwHIh5YFmYSYlemLWkiKD7rog==
  
  node@^8.10.0:
    version "8.17.0"
    resolved "https://registry.yarnpkg.com/node/-/node-8.17.0.tgz#d0f08edb4529aaef3c99c66a145073038222945d"
    integrity sha512-cLCFx7mtJoG9JcZgrurwPsrZrjIyTt/GpB/v8vhWFqr7sr4cxtG+z3LdpKMtf10g4/UuiI3uO9BTSL4W8fx9bg==
    dependencies:
      node-bin-setup "^1.0.0"
